[debug] [2020-09-14T21:17:53.846Z] ----------------------------------------------------------------------
[debug] [2020-09-14T21:17:53.848Z] Command:       /usr/bin/node /usr/bin/firebase login
[debug] [2020-09-14T21:17:53.848Z] CLI Version:   8.10.0
[debug] [2020-09-14T21:17:53.848Z] Platform:      linux
[debug] [2020-09-14T21:17:53.848Z] Node Version:  v14.4.0
[debug] [2020-09-14T21:17:53.849Z] Time:          Mon Sep 14 2020 23:17:53 GMT+0200 (Central European Summer Time)
[debug] [2020-09-14T21:17:53.849Z] ----------------------------------------------------------------------
[debug] [2020-09-14T21:17:53.850Z] 
[info] i  Firebase optionally collects CLI usage and error reporting information to help improve our products. Data is collected in accordance with Google's privacy policy (https://policies.google.com/privacy) and is not used to identify you.
 
[info] i  To change your data collection preference at any time, run `firebase logout` and log in again. 
[info] 
[info] Visit this URL on this device to log in:
[info] https://accounts.google.com/o/oauth2/auth?client_id=563584335869-fgrhgmd47bqnekij5i8b5pr03ho849e6.apps.googleusercontent.com&scope=email%20openid%20https%3A%2F%2Fwww.googleapis.com%2Fauth%2Fcloudplatformprojects.readonly%20https%3A%2F%2Fwww.googleapis.com%2Fauth%2Ffirebase%20https%3A%2F%2Fwww.googleapis.com%2Fauth%2Fcloud-platform&response_type=code&state=686214967&redirect_uri=http%3A%2F%2Flocalhost%3A9005
[info] 
[info] Waiting for authentication...
[debug] [2020-09-14T21:17:55.266Z] Error: spawn cmd.exe ENOENT
    at Process.ChildProcess._handle.onexit (internal/child_process.js:268:19)
    at onErrorNT (internal/child_process.js:468:16)
    at processTicksAndRejections (internal/process/task_queues.js:84:21)
[error] 
[error] Error: An unexpected error has occurred.
